{
  "RSpec": {
    "coverage": {
      "/Users/GotWai/Dropbox/Projects/ROADTRIPPER/road_tripper/spec/features/comment_feature_spec.rb": [
        1,
        null,
        1,
        1,
        3,
        3,
        3,
        3,
        3,
        null,
        null,
        1,
        1,
        1,
        1,
        null,
        null,
        1,
        1,
        1,
        1,
        1,
        1,
        null,
        null,
        1,
        1,
        1,
        null,
        null,
        null
      ],
      "/Users/GotWai/Dropbox/Projects/ROADTRIPPER/road_tripper/spec/features/posts_feature_spec.rb": [
        1,
        null,
        1,
        1,
        7,
        7,
        7,
        null,
        null,
        1,
        1,
        1,
        1,
        1,
        null,
        null,
        1,
        1,
        1,
        1,
        1,
        1,
        1,
        1,
        null,
        null,
        1,
        1,
        1,
        1,
        1,
        null,
        null,
        1,
        1,
        1,
        1,
        1,
        1,
        1,
        null,
        null,
        1,
        1,
        1,
        null,
        null,
        1,
        1,
        1,
        1,
        1,
        null,
        null,
        1,
        1,
        1,
        1,
        1,
        1,
        1,
        null,
        null
      ],
      "/Users/GotWai/Dropbox/Projects/ROADTRIPPER/road_tripper/spec/features/road_trips_feature_spec.rb": [
        1,
        null,
        1,
        1,
        4,
        4,
        null,
        null,
        1,
        1,
        1,
        1,
        1,
        1,
        1,
        1,
        null,
        null,
        1,
        1,
        1,
        1,
        0,
        0,
        null,
        null,
        null,
        1,
        1,
        2,
        null,
        null,
        1,
        1,
        1,
        null,
        null,
        1,
        1,
        1,
        null,
        null,
        null
      ],
      "/Users/GotWai/Dropbox/Projects/ROADTRIPPER/road_tripper/spec/features/stops_features_spec.rb": [
        1,
        null,
        1,
        1,
        6,
        6,
        6,
        6,
        null,
        null,
        1,
        1,
        1,
        1,
        null,
        null,
        1,
        1,
        1,
        1,
        1,
        null,
        null,
        1,
        1,
        1,
        1,
        1,
        1,
        1,
        1,
        null,
        null,
        1,
        1,
        1,
        1,
        null,
        null,
        1,
        1,
        1,
        1,
        null,
        null,
        1,
        1,
        1,
        1,
        1,
        1,
        1,
        null,
        null,
        null
      ],
      "/Users/GotWai/Dropbox/Projects/ROADTRIPPER/road_tripper/spec/features/users_feature_spec.rb": [
        1,
        null,
        1,
        null,
        1,
        1,
        1,
        1,
        1,
        null,
        null,
        1,
        1,
        1,
        1,
        null,
        null,
        1,
        1,
        1,
        1,
        1,
        null,
        null,
        1,
        1,
        1,
        1,
        1,
        1,
        1,
        1,
        null,
        null,
        1,
        1,
        1,
        1,
        1,
        null,
        null
      ],
      "/Users/GotWai/Dropbox/Projects/ROADTRIPPER/road_tripper/spec/helpers/comments_helper_spec.rb": [
        1,
        null,
        1,
        3,
        3,
        3,
        null
      ],
      "/Users/GotWai/Dropbox/Projects/ROADTRIPPER/road_tripper/spec/helpers/posts_helper_spec.rb": [
        1,
        null,
        1,
        8,
        8,
        8,
        8,
        null
      ],
      "/Users/GotWai/Dropbox/Projects/ROADTRIPPER/road_tripper/spec/helpers/road_trips_helper_spec.rb": [
        1,
        null,
        1,
        20,
        20,
        20,
        20,
        null
      ],
      "/Users/GotWai/Dropbox/Projects/ROADTRIPPER/road_tripper/spec/helpers/stops_helper_spec.rb": [
        1,
        null,
        1,
        6,
        6,
        6,
        6,
        6,
        6,
        null
      ],
      "/Users/GotWai/Dropbox/Projects/ROADTRIPPER/road_tripper/spec/helpers/users_helper_spec.rb": [
        1,
        null,
        1,
        25,
        25,
        25,
        25,
        25,
        25,
        25,
        25,
        25,
        25,
        25,
        null
      ],
      "/Users/GotWai/Dropbox/Projects/ROADTRIPPER/road_tripper/spec/models/comment_spec.rb": [
        1,
        null,
        1,
        2,
        2,
        null
      ],
      "/Users/GotWai/Dropbox/Projects/ROADTRIPPER/road_tripper/app/models/comment.rb": [
        1,
        1,
        1,
        null,
        1,
        null
      ],
      "/Users/GotWai/Dropbox/Projects/ROADTRIPPER/road_tripper/spec/models/post_spec.rb": [
        1,
        null,
        1,
        2,
        2,
        null
      ],
      "/Users/GotWai/Dropbox/Projects/ROADTRIPPER/road_tripper/app/models/post.rb": [
        1,
        1,
        1,
        null,
        1,
        1,
        null,
        1,
        1,
        null
      ],
      "/Users/GotWai/Dropbox/Projects/ROADTRIPPER/road_tripper/spec/models/profile_spec.rb": [
        1,
        null,
        1,
        2,
        null
      ],
      "/Users/GotWai/Dropbox/Projects/ROADTRIPPER/road_tripper/app/models/profile.rb": [
        1,
        1,
        null,
        1,
        1,
        null
      ],
      "/Users/GotWai/Dropbox/Projects/ROADTRIPPER/road_tripper/spec/models/road_trip_spec.rb": [
        1,
        null,
        1,
        2,
        2,
        2,
        null
      ],
      "/Users/GotWai/Dropbox/Projects/ROADTRIPPER/road_tripper/app/models/road_trip.rb": [
        1,
        1,
        1,
        1,
        null,
        1,
        1,
        null,
        1,
        1,
        null
      ],
      "/Users/GotWai/Dropbox/Projects/ROADTRIPPER/road_tripper/spec/models/stop_spec.rb": [
        1,
        null,
        1,
        2,
        null
      ],
      "/Users/GotWai/Dropbox/Projects/ROADTRIPPER/road_tripper/app/models/stop.rb": [
        1,
        1,
        null,
        1,
        1,
        null,
        1,
        1,
        1,
        null
      ],
      "/Users/GotWai/Dropbox/Projects/ROADTRIPPER/road_tripper/spec/models/user_spec.rb": [
        1,
        null,
        1,
        2,
        2,
        2,
        null
      ],
      "/Users/GotWai/Dropbox/Projects/ROADTRIPPER/road_tripper/app/controllers/road_trips_controller.rb": [
        1,
        1,
        null,
        null,
        null,
        1,
        61,
        null,
        null,
        null,
        null,
        1,
        34,
        34,
        0,
        0,
        null,
        null,
        null,
        null,
        1,
        20,
        null,
        null,
        null,
        1,
        33,
        33,
        5,
        5,
        null,
        null,
        null,
        null,
        null,
        1,
        20,
        20,
        20,
        20,
        40,
        20,
        null,
        0,
        0,
        null,
        null,
        null,
        null,
        null,
        null,
        1,
        1,
        1,
        1,
        2,
        1,
        null,
        0,
        0,
        null,
        null,
        null,
        null,
        null,
        null,
        1,
        0,
        0,
        0,
        0,
        null,
        null,
        null,
        1,
        null,
        1,
        68,
        null,
        null,
        null,
        1,
        21,
        null,
        null
      ],
      "/Users/GotWai/Dropbox/Projects/ROADTRIPPER/road_tripper/app/controllers/application_controller.rb": [
        1,
        1,
        null,
        null,
        1,
        null,
        null,
        null
      ],
      "/Users/GotWai/Dropbox/Projects/ROADTRIPPER/road_tripper/app/controllers/users/registrations_controller.rb": [
        1,
        null,
        1,
        null,
        null,
        1,
        50,
        25,
        null,
        null,
        null,
        null,
        null,
        null,
        null,
        null,
        null,
        null,
        null,
        null,
        null,
        null,
        null,
        null,
        null,
        null,
        null,
        null,
        null,
        null,
        null,
        null,
        null,
        null,
        null,
        null,
        null,
        null,
        null,
        null,
        null,
        null,
        null,
        null,
        null,
        null,
        null,
        null,
        null,
        null,
        null,
        null,
        null,
        null,
        null,
        null,
        null,
        null,
        null,
        null,
        null,
        null,
        null,
        null,
        null,
        null,
        null,
        null
      ],
      "/Users/GotWai/Dropbox/Projects/ROADTRIPPER/road_tripper/app/controllers/posts_controller.rb": [
        1,
        1,
        null,
        1,
        10,
        null,
        null,
        1,
        null,
        null,
        1,
        10,
        10,
        10,
        8,
        16,
        null,
        4,
        null,
        null,
        null,
        null,
        1,
        2,
        2,
        2,
        2,
        null,
        2,
        null,
        null,
        null,
        null,
        1,
        1,
        1,
        1,
        null,
        null,
        1,
        1,
        5,
        null,
        null,
        1,
        12,
        null,
        null
      ],
      "/Users/GotWai/Dropbox/Projects/ROADTRIPPER/road_tripper/app/controllers/comments_controller.rb": [
        1,
        null,
        1,
        3,
        null,
        null,
        1,
        3,
        3,
        2,
        null,
        1,
        null,
        null,
        null,
        1,
        null,
        1,
        3,
        null,
        null
      ],
      "/Users/GotWai/Dropbox/Projects/ROADTRIPPER/road_tripper/app/controllers/users/sessions_controller.rb": [
        1,
        null,
        null,
        null,
        null,
        null,
        null,
        null,
        null,
        null,
        null,
        null,
        null,
        null,
        null,
        null,
        null,
        null,
        null,
        null,
        null,
        null,
        null,
        null,
        null
      ],
      "/Users/GotWai/Dropbox/Projects/ROADTRIPPER/road_tripper/app/controllers/stops_controller.rb": [
        1,
        1,
        null,
        1,
        6,
        null,
        null,
        1,
        null,
        null,
        1,
        6,
        null,
        6,
        6,
        4,
        8,
        null,
        4,
        null,
        null,
        null,
        null,
        1,
        2,
        2,
        1,
        2,
        null,
        2,
        null,
        null,
        null,
        null,
        1,
        1,
        1,
        1,
        2,
        null,
        null,
        null,
        1,
        1,
        5,
        null,
        null,
        1,
        8,
        null,
        null
      ],
      "/Users/GotWai/Dropbox/Projects/ROADTRIPPER/road_tripper/app/controllers/profiles_controller.rb": [
        1,
        1,
        null,
        null,
        null,
        1,
        2,
        null,
        null,
        null,
        null,
        1,
        null,
        null,
        null,
        1,
        0,
        null,
        null,
        null,
        1,
        null,
        null,
        null,
        null,
        1,
        0,
        null,
        0,
        0,
        0,
        0,
        null,
        0,
        0,
        null,
        null,
        null,
        null,
        null,
        null,
        1,
        1,
        1,
        2,
        1,
        null,
        0,
        0,
        null,
        null,
        null,
        null,
        null,
        null,
        1,
        0,
        0,
        0,
        0,
        null,
        null,
        null,
        1,
        null,
        1,
        4,
        null,
        null,
        null,
        1,
        1,
        null,
        null
      ]
    },
    "timestamp": 1459348986
  }
}
