{
  "RSpec": {
    "coverage": {
      "/Users/GotWai/Dropbox/Projects/ROADTRIPPER/road_tripper/spec/features/comment_feature_spec.rb": [
        1,
        null,
        1,
        1,
        3,
        3,
        3,
        3,
        3,
        null,
        null,
        1,
        1,
        1,
        1,
        null,
        null,
        1,
        1,
        1,
        1,
        1,
        1,
        null,
        null,
        1,
        1,
        1,
        null,
        null,
        null
      ],
      "/Users/GotWai/Dropbox/Projects/ROADTRIPPER/road_tripper/app/controllers/road_trips_controller.rb": [
        1,
        1,
        null,
        null,
        null,
        1,
        9,
        null,
        null,
        null,
        null,
        1,
        9,
        9,
        0,
        0,
        null,
        null,
        null,
        null,
        1,
        3,
        null,
        null,
        null,
        1,
        6,
        6,
        0,
        0,
        null,
        null,
        null,
        null,
        null,
        1,
        3,
        3,
        3,
        3,
        6,
        3,
        null,
        0,
        0,
        null,
        null,
        null,
        null,
        null,
        null,
        1,
        0,
        0,
        0,
        0,
        null,
        0,
        0,
        null,
        null,
        null,
        null,
        null,
        null,
        1,
        0,
        0,
        0,
        0,
        null,
        null,
        null,
        1,
        null,
        1,
        15,
        null,
        null,
        null,
        1,
        3,
        null,
        null
      ],
      "/Users/GotWai/Dropbox/Projects/ROADTRIPPER/road_tripper/app/controllers/application_controller.rb": [
        1,
        1,
        null,
        null,
        1,
        null,
        null,
        null
      ],
      "/Users/GotWai/Dropbox/Projects/ROADTRIPPER/road_tripper/app/models/road_trip.rb": [
        1,
        1,
        1,
        1,
        null,
        1,
        1,
        null,
        null
      ],
      "/Users/GotWai/Dropbox/Projects/ROADTRIPPER/road_tripper/app/controllers/users/registrations_controller.rb": [
        1,
        null,
        1,
        null,
        null,
        1,
        8,
        4,
        null,
        null,
        null,
        null,
        null,
        null,
        null,
        null,
        null,
        null,
        null,
        null,
        null,
        null,
        null,
        null,
        null,
        null,
        null,
        null,
        null,
        null,
        null,
        null,
        null,
        null,
        null,
        null,
        null,
        null,
        null,
        null,
        null,
        null,
        null,
        null,
        null,
        null,
        null,
        null,
        null,
        null,
        null,
        null,
        null,
        null,
        null,
        null,
        null,
        null,
        null,
        null,
        null,
        null,
        null,
        null,
        null,
        null,
        null,
        null
      ],
      "/Users/GotWai/Dropbox/Projects/ROADTRIPPER/road_tripper/app/models/profile.rb": [
        1,
        1,
        null,
        1,
        1,
        null
      ],
      "/Users/GotWai/Dropbox/Projects/ROADTRIPPER/road_tripper/app/models/stop.rb": [
        1,
        1,
        null,
        1,
        1,
        null,
        null
      ],
      "/Users/GotWai/Dropbox/Projects/ROADTRIPPER/road_tripper/app/models/post.rb": [
        1,
        1,
        1,
        null,
        1,
        1,
        null,
        null
      ],
      "/Users/GotWai/Dropbox/Projects/ROADTRIPPER/road_tripper/app/controllers/posts_controller.rb": [
        1,
        1,
        null,
        null,
        null,
        1,
        0,
        null,
        null,
        null,
        null,
        1,
        null,
        null,
        null,
        1,
        3,
        null,
        null,
        null,
        1,
        null,
        null,
        null,
        null,
        1,
        3,
        null,
        3,
        3,
        3,
        6,
        3,
        null,
        0,
        0,
        null,
        null,
        null,
        null,
        null,
        null,
        1,
        0,
        0,
        0,
        0,
        0,
        null,
        0,
        0,
        null,
        null,
        null,
        null,
        null,
        null,
        1,
        0,
        0,
        0,
        0,
        0,
        null,
        null,
        null,
        1,
        null,
        1,
        0,
        null,
        null,
        null,
        1,
        3,
        null,
        null
      ],
      "/Users/GotWai/Dropbox/Projects/ROADTRIPPER/road_tripper/app/models/comment.rb": [
        1,
        1,
        1,
        null,
        1,
        null
      ],
      "/Users/GotWai/Dropbox/Projects/ROADTRIPPER/road_tripper/app/controllers/comments_controller.rb": [
        1,
        1,
        null,
        null,
        null,
        1,
        0,
        null,
        null,
        null,
        null,
        null,
        null,
        null,
        null,
        1,
        3,
        null,
        null,
        null,
        null,
        null,
        null,
        null,
        null,
        1,
        3,
        null,
        3,
        3,
        2,
        4,
        null,
        null,
        2,
        null,
        null,
        null,
        null,
        null,
        null,
        null,
        null,
        null,
        null,
        null,
        null,
        null,
        null,
        null,
        null,
        null,
        null,
        null,
        null,
        null,
        null,
        null,
        null,
        null,
        null,
        null,
        null,
        null,
        1,
        null,
        1,
        0,
        null,
        null,
        null,
        1,
        3,
        null,
        null
      ],
      "/Users/GotWai/Dropbox/Projects/ROADTRIPPER/road_tripper/app/controllers/users/sessions_controller.rb": [
        1,
        null,
        null,
        null,
        null,
        null,
        null,
        null,
        null,
        null,
        null,
        null,
        null,
        null,
        null,
        null,
        null,
        null,
        null,
        null,
        null,
        null,
        null,
        null,
        null
      ]
    },
    "timestamp": 1459339450
  }
}
